
The following files have been resolved:
   org.springframework:spring-aop:jar:5.0.6.RELEASE:compile
   com.fasterxml.jackson.core:jackson-core:jar:2.9.5:compile
   log4j:log4j:jar:1.2.17:compile
   org.springframework:spring-expression:jar:5.0.6.RELEASE:compile
   org.hibernate.common:hibernate-commons-annotations:jar:5.0.1.Final:compile
   org.springframework.boot:spring-boot:jar:2.0.2.RELEASE:compile
   mysql:mysql-connector-java:jar:5.1.46:compile
   com.fasterxml.jackson.module:jackson-module-parameter-names:jar:2.9.5:compile
   javax.validation:validation-api:jar:2.0.1.Final:compile
   antlr:antlr:jar:2.7.7:compile
   com.fasterxml:classmate:jar:1.3.4:compile
   org.hibernate:hibernate-core:jar:5.2.17.Final:compile
   ch.qos.logback:logback-classic:jar:1.2.3:compile
   javax.annotation:javax.annotation-api:jar:1.3.2:compile
   org.springframework:spring-context:jar:5.0.6.RELEASE:compile
   org.jboss.logging:jboss-logging:jar:3.3.2.Final:compile
   org.springframework:spring-jdbc:jar:5.0.6.RELEASE:compile
   com.fasterxml.jackson.core:jackson-annotations:jar:2.9.0:compile
   org.springframework:spring-aspects:jar:5.0.6.RELEASE:compile
   org.apache.logging.log4j:log4j-jcl:jar:2.11.0:compile
   commons-logging:commons-logging:jar:1.2:compile
   org.springframework.boot:spring-boot-starter-web:jar:2.0.2.RELEASE:compile
   org.springframework.data:spring-data-jpa:jar:2.0.7.RELEASE:compile
   com.zaxxer:HikariCP:jar:2.7.9:compile
   org.springframework:spring-jcl:jar:5.0.6.RELEASE:compile
   org.apache.logging.log4j:log4j-core:jar:2.11.0:compile
   com.fasterxml.jackson.datatype:jackson-datatype-jdk8:jar:2.9.5:compile
   org.springframework.boot:spring-boot-autoconfigure:jar:2.0.2.RELEASE:compile
   dom4j:dom4j:jar:1.6.1:compile
   org.springframework.boot:spring-boot-starter-aop:jar:2.0.2.RELEASE:compile
   org.springframework.boot:spring-boot-starter-jdbc:jar:2.0.2.RELEASE:compile
   org.hibernate.validator:hibernate-validator:jar:6.0.9.Final:compile
   org.apache.logging.log4j:log4j-api:jar:2.11.0:compile
   org.springframework.data:spring-data-commons:jar:2.0.7.RELEASE:compile
   com.fasterxml.jackson.datatype:jackson-datatype-jsr310:jar:2.9.5:compile
   org.javassist:javassist:jar:3.22.0-GA:compile
   org.springframework.boot:spring-boot-starter:jar:2.0.2.RELEASE:compile
   org.springframework:spring-tx:jar:5.0.6.RELEASE:compile
   org.springframework.boot:spring-boot-starter-logging:jar:2.0.2.RELEASE:compile
   org.jboss:jandex:jar:2.0.3.Final:compile
   org.yaml:snakeyaml:jar:1.19:runtime
   org.hibernate.javax.persistence:hibernate-jpa-2.1-api:jar:1.0.0.Final:compile
   org.aspectj:aspectjweaver:jar:1.8.13:compile
   ch.qos.logback:logback-core:jar:1.2.3:compile
   com.h2database:h2:jar:1.4.197:runtime
   org.springframework.boot:spring-boot-starter-data-jpa:jar:2.0.2.RELEASE:compile
   org.springframework.boot:spring-boot-devtools:jar:2.0.2.RELEASE:runtime
   org.apache.tomcat.embed:tomcat-embed-websocket:jar:8.5.31:compile
   org.springframework:spring-core:jar:5.0.6.RELEASE:compile
   org.apache.tomcat.embed:tomcat-embed-core:jar:8.5.31:compile
   org.springframework:spring-orm:jar:5.0.6.RELEASE:compile
   org.slf4j:slf4j-api:jar:1.7.25:compile
   org.springframework:spring-web:jar:5.0.6.RELEASE:compile
   javax.transaction:javax.transaction-api:jar:1.2:compile
   org.springframework.boot:spring-boot-starter-json:jar:2.0.2.RELEASE:compile
   org.springframework:spring-beans:jar:5.0.6.RELEASE:compile
   org.springframework:spring-webmvc:jar:5.0.6.RELEASE:compile
   org.apache.tomcat.embed:tomcat-embed-el:jar:8.5.31:compile
   org.apache.logging.log4j:log4j-to-slf4j:jar:2.10.0:compile
   org.slf4j:jul-to-slf4j:jar:1.7.25:compile
   com.fasterxml.jackson.core:jackson-databind:jar:2.9.5:compile
   org.springframework.boot:spring-boot-starter-tomcat:jar:2.0.2.RELEASE:compile

